[12:36:51] [ServerMain/INFO]: Building unoptimized datafixer
[12:36:52] [ServerMain/INFO]: Environment: authHost='https://authserver.mojang.com', accountsHost='https://api.mojang.com', sessionHost='https://sessionserver.mojang.com', servicesHost='https://api.minecraftservices.com', name='PROD'
[12:36:54] [ServerMain/INFO]: Loaded 7 recipes
[12:36:55] [Server thread/INFO]: Starting minecraft server version 1.19.2
[12:36:55] [Server thread/INFO]: Loading properties
[12:36:55] [Server thread/INFO]: This server is running Paper version git-Paper-135 (MC: 1.19.2) (Implementing API version 1.19.2-R0.1-SNAPSHOT) (Git: eff22eb)
[12:36:55] [Server thread/INFO]: Server Ping Player Sample Count: 12
[12:36:55] [Server thread/INFO]: Using 4 threads for Netty based IO
[12:36:55] [Server thread/INFO]: Default game type: SURVIVAL
[12:36:55] [Server thread/INFO]: Generating keypair
[12:36:55] [Server thread/INFO]: Starting Minecraft server on *:25565
[12:36:55] [Server thread/INFO]: Using default channel type
[12:36:55] [Server thread/INFO]: Paper: Using Java 11 compression from Velocity.
[12:36:55] [Server thread/INFO]: Paper: Using Java cipher from Velocity.
[12:36:56] [Server thread/INFO]: [LuckPerms] Loading LuckPerms v5.4.40
[12:36:56] [Server thread/INFO]: [SkinsRestorer] Loading SkinsRestorer v14.2.3
[12:36:56] [Server thread/INFO]: [Multiverse-Core] Loading Multiverse-Core v4.3.1-b861
[12:36:56] [Server thread/INFO]: [Images] Loading Images v2.2.7
[12:36:56] [Server thread/INFO]: [Multiverse-Inventories] Loading Multiverse-Inventories v4.2.3-b523
[12:36:56] [Server thread/INFO]: Server permissions file permissions.yml is empty, ignoring it
[12:36:56] [Server thread/INFO]: [LuckPerms] Enabling LuckPerms v5.4.40
[12:36:57] [Server thread/INFO]:         __    
[12:36:57] [Server thread/INFO]:   |    |__)   LuckPerms v5.4.40
[12:36:57] [Server thread/INFO]:   |___ |      Running on Bukkit - Paper
[12:36:57] [Server thread/INFO]: 
[12:36:57] [Server thread/INFO]: [LuckPerms] Loading configuration...
[12:36:57] [Server thread/INFO]: [LuckPerms] Loading storage provider... [H2]
[12:36:57] [Server thread/INFO]: [LuckPerms] Loading internal permission managers...
[12:36:57] [Server thread/INFO]: [LuckPerms] Performing initial data load...
[12:36:57] [Server thread/INFO]: [LuckPerms] Successfully enabled. (took 1084ms)
[12:36:57] [Server thread/WARN]: **** SERVER IS RUNNING IN OFFLINE/INSECURE MODE!
[12:36:57] [Server thread/WARN]: The server will make no attempt to authenticate usernames. Beware.
[12:36:57] [Server thread/WARN]: While this makes the game possible to play without internet access, it also opens up the ability for hackers to connect with any username they choose.
[12:36:57] [Server thread/WARN]: To change this, set "online-mode" to "true" in the server.properties file.
[12:36:57] [Server thread/INFO]: Preparing level "world"
[12:36:58] [Server thread/INFO]: Preparing start region for dimension minecraft:overworld
[12:36:59] [Server thread/INFO]: Time elapsed: 269 ms
[12:36:59] [Server thread/INFO]: Preparing start region for dimension minecraft:the_nether
[12:36:59] [Server thread/INFO]: Time elapsed: 98 ms
[12:36:59] [Server thread/INFO]: Preparing start region for dimension minecraft:the_end
[12:36:59] [Server thread/INFO]: Time elapsed: 101 ms
[12:36:59] [Server thread/INFO]: [SkinsRestorer] Enabling SkinsRestorer v14.2.3
[12:36:59] [Server thread/INFO]: [33;1m[[32;22mSkinsRestorer[33;1m] [0;39m[32;1mDetected Minecraft [33;1mv1_19_R1[32;1m, using [33;1mPaperSkinRefresher[32;1m.[0;39m
[12:36:59] [Server thread/INFO]: [SkinsRestorer] [ACF] Enabled Asynchronous Tab Completion Support!
[12:36:59] [Server thread/INFO]: [Multiverse-Core] Enabling Multiverse-Core v4.3.1-b861
[12:36:59] [Server thread/WARN]: [Multiverse-Core] "Multiverse-Core v4.3.1-b861" has registered a listener for org.bukkit.event.entity.EntityCreatePortalEvent on method "public void com.onarandombox.MultiverseCore.listeners.MVPortalListener.entityPortalCreate(org.bukkit.event.entity.EntityCreatePortalEvent)", but the event is Deprecated. "Server performance will be affected"; please notify the authors [dumptruckman, Rigby, fernferret, lithium3141, main--].
[12:36:59] [Server thread/INFO]: [Multiverse-Core] §aWe are aware of the warning about the deprecated event. There is no alternative that allows us to do what we need to do and performance impact is negligible. It is safe to ignore.
[12:36:59] [Server thread/INFO]: Preparing start region for dimension minecraft:test
[12:36:59] [Server thread/INFO]: Time elapsed: 108 ms
[12:36:59] [Server thread/INFO]: [Multiverse-Core] 4 - World(s) loaded.
[12:36:59] [Server thread/WARN]: [Multiverse-Core] Buscript failed to load! The script command will be disabled! If you would like not to see this message, use `/mv conf enablebuscript false` to disable Buscript from loading.
[12:36:59] [Server thread/INFO]: [Multiverse-Core] Version 4.3.1-b861 (API v24) Enabled - By dumptruckman, Rigby, fernferret, lithium3141 and main--
[12:36:59] [Server thread/INFO]: [Images] Enabling Images v2.2.7
[12:37:00] [Server thread/INFO]: [Multiverse-Inventories] Enabling Multiverse-Inventories v4.2.3-b523
[12:37:00] [Server thread/INFO]: [Multiverse-Inventories 4.2.3-b523] enabled.
[12:37:00] [Server thread/INFO]: Running delayed init tasks
[12:37:00] [Server thread/INFO]: [Multiverse-Inventories] First run!
[12:37:00] [Server thread/INFO]: Done (4.909s)! For help, type "help"
[12:37:00] [Server thread/INFO]: Timings Reset
[12:37:00] [Craft Scheduler Thread - 3 - SkinsRestorer/INFO]: [33;1m[[32;22mSkinsRestorer[33;1m] [0;39m[32;1m----------------------------------------------[0;39m
[12:37:00] [Craft Scheduler Thread - 3 - SkinsRestorer/INFO]: [33;1m[[32;22mSkinsRestorer[33;1m] [0;39m[32;1m    +==================+[0;39m
[12:37:00] [Craft Scheduler Thread - 3 - SkinsRestorer/INFO]: [33;1m[[32;22mSkinsRestorer[33;1m] [0;39m[32;1m    |   SkinsRestorer  |[0;39m
[12:37:00] [Craft Scheduler Thread - 3 - SkinsRestorer/INFO]: [33;1m[[32;22mSkinsRestorer[33;1m] [0;39m[32;1m    |------------------|[0;39m
[12:37:00] [Craft Scheduler Thread - 3 - SkinsRestorer/INFO]: [33;1m[[32;22mSkinsRestorer[33;1m] [0;39m[32;1m    |  [34;1m[4m[21mStandalone Mode[0;39m[32;1m |[0;39m
[12:37:00] [Craft Scheduler Thread - 3 - SkinsRestorer/INFO]: [33;1m[[32;22mSkinsRestorer[33;1m] [0;39m[32;1m    +==================+[0;39m
[12:37:00] [Craft Scheduler Thread - 3 - SkinsRestorer/INFO]: [33;1m[[32;22mSkinsRestorer[33;1m] [0;39m[32;1m----------------------------------------------[0;39m
[12:37:00] [Craft Scheduler Thread - 3 - SkinsRestorer/INFO]: [33;1m[[32;22mSkinsRestorer[33;1m] [0;39m[36;1m    Current version: [32;1m14.2.3[0;39m
[12:37:00] [Craft Scheduler Thread - 3 - SkinsRestorer/INFO]: [33;1m[[32;22mSkinsRestorer[33;1m] [0;39m[32;1m    This is the latest version![0;39m
[12:37:00] [Craft Scheduler Thread - 3 - SkinsRestorer/INFO]: [33;1m[[32;22mSkinsRestorer[33;1m] [0;39m[32;1m----------------------------------------------[0;39m
[12:37:02] [Craft Scheduler Thread - 3 - Images/INFO]: [Images] Loaded 1 images...
[12:37:48] [User Authenticator #1/INFO]: UUID of player EdgyEmo02 is 254c0bcf-1127-350b-87d3-656ec764773b
[12:37:48] [Server thread/INFO]: EdgyEmo02 joined the game
[12:37:48] [Server thread/INFO]: EdgyEmo02[/127.0.0.1:56357] logged in with entity id 357 at ([world]1122.4648857537152, 74.0, -1356.3250585897822)
[12:43:51] [Server thread/INFO]: EdgyEmo02 lost connection: Disconnected
[12:43:51] [Server thread/INFO]: EdgyEmo02 left the game
[12:43:59] [Server thread/INFO]: ====[ Multiverse Help ]====
[12:43:59] [Server thread/INFO]:  Add a '?' after a command to see more about it.
[12:43:59] [Server thread/INFO]: /mv [FILTER] [PAGE #]
[12:43:59] [Server thread/INFO]: /mv version [-b|-h|-p] [--include-plugin-list]
[12:43:59] [Server thread/INFO]: /mv list [filter] [page]
[12:43:59] [Server thread/INFO]: /mv info [WORLD] [PAGE]
[12:43:59] [Server thread/INFO]: /mv create {NAME} {ENV} -s [SEED] -g [GENERATOR[:ID]] -t [WORLDTYPE] [-n] -a [true|false]
[12:43:59] [Server thread/INFO]: /mv clone {TARGET} {NAME} -g [GENERATOR[:ID]]
[12:43:59] [Server thread/INFO]: /mv import {NAME} {ENV} -g [GENERATOR[:ID]] [-n]
[12:43:59] [Server thread/INFO]: /mv reload
[12:43:59] [Server thread/INFO]: /mv setspawn
[12:43:59] [Server thread/INFO]: /mv coord
[12:43:59] [Server thread/INFO]: /mv tp [PLAYER] {DESTINATION}
[12:43:59] [Server thread/INFO]: /mv who [WORLD|--all]
[12:43:59] [Server thread/INFO]: /mv spawn [PLAYER]
[12:43:59] [Server thread/INFO]: /mv unload {WORLD}
[12:43:59] [Server thread/INFO]: /mv load {WORLD}
[12:43:59] [Server thread/INFO]: /mv remove {WORLD}
[12:43:59] [Server thread/INFO]: /mv delete {WORLD}
[12:43:59] [Server thread/INFO]: /mv regen {WORLD} [-s [SEED]] [--keep-gamerules]
[12:43:59] [Server thread/INFO]: /mv confirm
[12:43:59] [Server thread/INFO]: /mv modify {set|add|remove|clear} ...
[12:43:59] [Server thread/INFO]: /mv purge [WORLD|all] {all|animals|monsters|MOBNAME}
[12:43:59] [Server thread/INFO]: /mv modify add {VALUE} {PROPERTY} [WORLD] 
[12:43:59] [Server thread/INFO]: /mv modify set {PROPERTY} {VALUE} [WORLD]
[12:43:59] [Server thread/INFO]: /mv modify remove {PROPERTY} {VALUE} [WORLD]
[12:43:59] [Server thread/INFO]: /mv modify clear {PROPERTY} [WORLD]
[12:43:59] [Server thread/INFO]: /mv config {PROPERTY} {VALUE}
[12:43:59] [Server thread/INFO]: /mv anchor {name} [-d]
[12:43:59] [Server thread/INFO]: /mv env
[12:43:59] [Server thread/INFO]: /mv debug [1|2|3|off|silent]
[12:43:59] [Server thread/INFO]: /mv silent [true|false|on|off]
[12:43:59] [Server thread/INFO]: /mv generators
[12:43:59] [Server thread/INFO]: /mv check {PLAYER} {DESTINATION}
[12:43:59] [Server thread/INFO]: /mv script {script} [target]
[12:43:59] [Server thread/INFO]: /mv gamerule {RULE} {VALUE} [WORLD]
[12:43:59] [Server thread/INFO]: /mv gamerules [WORLD]
[12:43:59] [Server thread/INFO]: /mvinv info [WORLD|GROUP]
[12:43:59] [Server thread/INFO]: /mvinv import {MultiInv|WorldInventories}
[12:43:59] [Server thread/INFO]: /mvinv list
[12:43:59] [Server thread/INFO]: /mvinv reload
[12:43:59] [Server thread/INFO]: /mvinv addworld {WORLD} {GROUP}
[12:43:59] [Server thread/INFO]: /mvinv removeworld {WORLD} {GROUP}
[12:43:59] [Server thread/INFO]: /mvinv addshares {SHARE[,EXTRA]} {GROUP}
[12:43:59] [Server thread/INFO]: /mvinv removeshares {SHARE[,EXTRA]} {GROUP}
[12:43:59] [Server thread/INFO]: /mvinv creategroup {NAME}
[12:43:59] [Server thread/INFO]: /mvinv deletegroup {NAME}
[12:43:59] [Server thread/INFO]: /mvinv spawn [PLAYER]
[12:43:59] [Server thread/INFO]: /mvinv group
[12:43:59] [Server thread/INFO]: /mvinv toggle {SHARE}
[12:43:59] [Server thread/INFO]: /mvinv migrate {OLDNAME} {NEWNAME} [saveold]
[12:44:07] [Server thread/INFO]: ====[ Multiverse World List ]====
[12:44:07] [Server thread/INFO]: world_the_end - THE_END
[12:44:07] [Server thread/INFO]: world - NORMAL
[12:44:07] [Server thread/INFO]: Test - NORMAL
[12:44:07] [Server thread/INFO]: world_nether - NETHER
[12:45:35] [User Authenticator #2/INFO]: UUID of player EdgyEmo02 is 254c0bcf-1127-350b-87d3-656ec764773b
[12:45:35] [Server thread/INFO]: EdgyEmo02 joined the game
[12:45:35] [Server thread/INFO]: EdgyEmo02[/127.0.0.1:54426] logged in with entity id 1700 at ([world]1007.3000000119209, 81.0, -1275.9441064933933)
[12:46:14] [Server thread/INFO]: EdgyEmo02 lost connection: Disconnected
[12:46:14] [Server thread/INFO]: EdgyEmo02 left the game
[12:46:35] [User Authenticator #3/INFO]: UUID of player EdgyEmo02 is 254c0bcf-1127-350b-87d3-656ec764773b
[12:46:35] [Server thread/INFO]: EdgyEmo02 joined the game
[12:46:35] [Server thread/INFO]: EdgyEmo02[/127.0.0.1:54532] logged in with entity id 1993 at ([world]999.3000000119209, 84.0, -1274.7658416653787)
[12:48:00] [Server thread/INFO]: EdgyEmo02 lost connection: Disconnected
[12:48:00] [Server thread/INFO]: EdgyEmo02 left the game
[12:50:10] [User Authenticator #4/INFO]: UUID of player EdgyEmo02 is 254c0bcf-1127-350b-87d3-656ec764773b
[12:50:10] [Server thread/INFO]: EdgyEmo02 joined the game
[12:50:10] [Server thread/INFO]: EdgyEmo02[/127.0.0.1:54701] logged in with entity id 2343 at ([world]1000.828537574338, 84.0, -1274.6260013426943)
[12:50:23] [Server thread/INFO]: EdgyEmo02 lost connection: Disconnected
[12:50:23] [Server thread/INFO]: EdgyEmo02 left the game
[12:53:35] [Server thread/INFO]: TPS from last 1m, 5m, 15m: 20.0, 20.0, 20.0
[12:53:38] [Server thread/INFO]: TPS from last 1m, 5m, 15m: 20.0, 20.0, 20.0
[12:54:36] [User Authenticator #5/INFO]: UUID of player EdgyEmo02 is 254c0bcf-1127-350b-87d3-656ec764773b
[12:54:36] [Server thread/INFO]: EdgyEmo02 joined the game
[12:54:36] [Server thread/INFO]: EdgyEmo02[/127.0.0.1:54932] logged in with entity id 2592 at ([world]993.8211490581722, 88.0, -1265.6708903899284)
[12:54:40] [Server thread/INFO]: TPS from last 1m, 5m, 15m: 20.0, 20.0, 20.0
[12:55:34] [Server thread/INFO]: EdgyEmo02 issued server command: /tps
[13:09:37] [Server thread/INFO]: EdgyEmo02 lost connection: Disconnected
[13:09:37] [Server thread/INFO]: EdgyEmo02 left the game
[13:09:46] [Server thread/INFO]: Stopping the server
[13:09:46] [Server thread/INFO]: Stopping server
[13:09:46] [Server thread/INFO]: [Multiverse-Inventories] Disabling Multiverse-Inventories v4.2.3-b523
[13:09:46] [Server thread/INFO]: [Images] Disabling Images v2.2.7
[13:09:46] [Server thread/INFO]: [Multiverse-Core] Disabling Multiverse-Core v4.3.1-b861
[13:09:46] [Server thread/INFO]: [SkinsRestorer] Disabling SkinsRestorer v14.2.3
[13:09:46] [Server thread/INFO]: [LuckPerms] Disabling LuckPerms v5.4.40
[13:09:46] [Server thread/INFO]: [LuckPerms] Starting shutdown process...
[13:09:46] [Server thread/INFO]: [LuckPerms] Closing storage...
[13:09:47] [Server thread/INFO]: [LuckPerms] Goodbye!
[13:09:47] [Server thread/INFO]: Saving players
[13:09:47] [Server thread/INFO]: Saving worlds
[13:09:47] [Server thread/INFO]: Saving chunks for level 'ServerLevel[world]'/minecraft:overworld
[13:09:50] [Server thread/INFO]: Saving chunks for level 'ServerLevel[world_nether]'/minecraft:the_nether
[13:09:51] [Server thread/INFO]: Saving chunks for level 'ServerLevel[world_the_end]'/minecraft:the_end
[13:09:51] [Server thread/INFO]: Saving chunks for level 'ServerLevel[Test]'/minecraft:test
[13:09:51] [Server thread/INFO]: ThreadedAnvilChunkStorage (world): All chunks are saved
[13:09:51] [Server thread/INFO]: ThreadedAnvilChunkStorage (DIM-1): All chunks are saved
[13:09:51] [Server thread/INFO]: ThreadedAnvilChunkStorage (DIM1): All chunks are saved
[13:09:51] [Server thread/INFO]: ThreadedAnvilChunkStorage (Test): All chunks are saved
[13:09:51] [Server thread/INFO]: ThreadedAnvilChunkStorage: All dimensions are saved
[13:09:51] [Server thread/INFO]: Flushing Chunk IO
[13:09:51] [Server thread/INFO]: Closing Thread Pool
[13:09:51] [Server thread/INFO]: Closing Server
